<?xml version="1.0" encoding="UTF-8"?>
<Site BuildName="Win32-ninja"
	BuildStamp="20250507-1037-Experimental"
	Name="DESKTOP-7OLP4P3"
	Generator="ctest-3.28.1"
	CompilerName="C:/msys64/mingw64/bin/c++.exe"
	CompilerVersion="13.2.0"
	OSName="Windows"
	Hostname="DESKTOP-7OLP4P3"
	OSRelease=" Personal"
	OSVersion=" (Build 22631)"
	OSPlatform="AMD64"
	Is64Bits="1"
	VendorString=""
	VendorID="Unknown Manufacturer"
	FamilyID="0"
	ModelID="0"
	ProcessorCacheSize="0"
	NumberOfLogicalCPU="16"
	NumberOfPhysicalCPU="10"
	TotalVirtualMemory="22728"
	TotalPhysicalMemory="16004"
	LogicalProcessorsPerPhysical="1"
	ProcessorClockFrequency="2688"
	>
	<Testing>
		<StartDateTime>May 07 17:37</StartDateTime>
		<StartTestTime>1746614244</StartTestTime>
		<TestList/>
		<EndDateTime>May 07 17:37</EndDateTime>
		<EndTestTime>1746614244</EndTestTime>
		<ElapsedMinutes>0</ElapsedMinutes>
	</Testing>
</Site>
